[INFO ][20190927 10:24:30,272]  [] [main] [or.airyny.spring.learn.PublicDubboProvider:65] 
	                     .::::.
                       .::::::::.
                      :::::::::::
                   ..:::::::::::'
                '::::::::::::'
                   .::::::::::
              '::::::::::::::..
                   ..::::::::::::.
                 ``::::::::::::::::
                  ::::``:::::::::'        .:::.
                 ::::'   ':::::'       .::::::::.
               .::::'      ::::     .:::::::'::::.
              .:::'       :::::  .:::::::::' ':::::.
             .::'        :::::.:::::::::'      ':::::.
            .::'         ::::::::::::::'         ``::::.
        ...:::           ::::::::::::'              ``::.
       ```` ':.          ':::::::::'                  ::::..
                          '.:::::'                    ':'````..
^^^^^^^^^^^^^^^^^^^^^^^^^^^^^^^^^^^^^^^^^^^^^^^^^^^^^^^^^^^^^^^^^
                        美女保佑       永无BUG
^^^^^^^^^^^^^^^^^^^^^^^^^^^^^^^^^^^^^^^^^^^^^^^^^^^^^^^^^^^^^^^^^

[INFO ][20190927 10:24:30,648]  [] [main] [or.airyny.spring.learn.PublicDubboProvider:19] ************ Public Service Started! ************
[INFO ][20190927 10:27:35,908]  [] [main] [or.airyny.spring.learn.PublicDubboProvider:39] 
	          ┏┓　  ┏┓+ +
              ┏┛┻━━━━┛┻━━━━━┓ + +
              ┃　　　　　　　┃
              ┃　　　━　　 　┃ ++ + + +
            ████━████ ┃+
              ┃　　　　　　　┃ +
              ┃　　　┻　    ┃
              ┃　　         ┃ + +
              ┗━┓　　　┏━━━━┛
                ┃　　　┃
                ┃　　　┃ + + + +
                ┃　　　┃
                ┃　　　┃ +
                ┃　　　┃
                ┃　　　┃　　+
                ┃　 　　┗━━━━━━┓ + +
                ┃ 　　　　　　　┣┓
                ┃ 　　　　　　　┏┛
                ┗━┓┓┏━━┳┓┏━━━━━┛ + + + +
                  ┃┫┫　┃┫┫
                  ┗┻┛　┗┻┛+ + + +
^^^^^^^^^^^^^^^^^^^^^^^^^^^^^^^^^^^^^^^^^^^^^
Code is far away from bug with the animal protecting
              神兽保佑    代码无bug
^^^^^^^^^^^^^^^^^^^^^^^^^^^^^^^^^^^^^^^^^^^^^

[INFO ][20190927 10:27:35,913]  [] [main] [or.airyny.spring.learn.PublicDubboProvider:66] 
	                     .::::.
                       .::::::::.
                      :::::::::::
                   ..:::::::::::'
                '::::::::::::'
                   .::::::::::
              '::::::::::::::..
                   ..::::::::::::.
                 ``::::::::::::::::
                  ::::``:::::::::'        .:::.
                 ::::'   ':::::'       .::::::::.
               .::::'      ::::     .:::::::'::::.
              .:::'       :::::  .:::::::::' ':::::.
             .::'        :::::.:::::::::'      ':::::.
            .::'         ::::::::::::::'         ``::::.
        ...:::           ::::::::::::'              ``::.
       ```` ':.          ':::::::::'                  ::::..
                          '.:::::'                    ':'````..
^^^^^^^^^^^^^^^^^^^^^^^^^^^^^^^^^^^^^^^^^^^^^^^^^^^^^^^^^^^^^^^^^
                        美女保佑       永无BUG
^^^^^^^^^^^^^^^^^^^^^^^^^^^^^^^^^^^^^^^^^^^^^^^^^^^^^^^^^^^^^^^^^

[INFO ][20190927 10:27:36,377]  [] [main] [or.airyny.spring.learn.PublicDubboProvider:20] ************ Public Service Started! ************
[INFO ][20190927 10:28:05,529]  [] [main] [or.airyny.spring.learn.PublicDubboProvider:39] 
	          ┏┓　  ┏┓+ +
              ┏┛┻━━━━┛┻━━━━━┓ + +
              ┃　　　　　　　┃
              ┃　　　━　　 　┃ ++ + + +
            ████━████ ┃+
              ┃　　　　　　　┃ +
              ┃　　　┻　    ┃
              ┃　　         ┃ + +
              ┗━┓　　　┏━━━━┛
                ┃　　　┃
                ┃　　　┃ + + + +
                ┃　　　┃
                ┃　　　┃ +
                ┃　　　┃
                ┃　　　┃　　+
                ┃　 　　┗━━━━━━┓ + +
                ┃ 　　　　　　　┣┓
                ┃ 　　　　　　　┏┛
                ┗━┓┓┏━━┳┓┏━━━━━┛ + + + +
                  ┃┫┫　┃┫┫
                  ┗┻┛　┗┻┛+ + + +
^^^^^^^^^^^^^^^^^^^^^^^^^^^^^^^^^^^^^^^^^^^^^
Code is far away from bug with the animal protecting
              神兽保佑    代码无bug
^^^^^^^^^^^^^^^^^^^^^^^^^^^^^^^^^^^^^^^^^^^^^

[INFO ][20190927 10:28:05,906]  [] [main] [or.airyny.spring.learn.PublicDubboProvider:66] 
	                     .::::.
                       .::::::::.
                      :::::::::::
                   ..:::::::::::'
                '::::::::::::'
                   .::::::::::
              '::::::::::::::..
                   ..::::::::::::.
                 ``::::::::::::::::
                  ::::``:::::::::'        .:::.
                 ::::'   ':::::'       .::::::::.
               .::::'      ::::     .:::::::'::::.
              .:::'       :::::  .:::::::::' ':::::.
             .::'        :::::.:::::::::'      ':::::.
            .::'         ::::::::::::::'         ``::::.
        ...:::           ::::::::::::'              ``::.
       ```` ':.          ':::::::::'                  ::::..
                          '.:::::'                    ':'````..
^^^^^^^^^^^^^^^^^^^^^^^^^^^^^^^^^^^^^^^^^^^^^^^^^^^^^^^^^^^^^^^^^
                        美女保佑       永无BUG
^^^^^^^^^^^^^^^^^^^^^^^^^^^^^^^^^^^^^^^^^^^^^^^^^^^^^^^^^^^^^^^^^

[INFO ][20190927 10:28:05,906]  [] [main] [or.airyny.spring.learn.PublicDubboProvider:20] ************ Public Service Started! ************
[INFO ][20190927 10:28:41,524]  [] [main] [or.airyny.spring.learn.PublicDubboProvider:39] 
	          ┏┓　  ┏┓+ +
              ┏┛┻━━━━┛┻━━━━━┓ + +
              ┃　　　　　　　┃
              ┃　　　━　　 　┃ ++ + + +
            ████━████ ┃+
              ┃　　　　　　　┃ +
              ┃　　　┻　    ┃
              ┃　　         ┃ + +
              ┗━┓　　　┏━━━━┛
                ┃　　　┃
                ┃　　　┃ + + + +
                ┃　　　┃
                ┃　　　┃ +
                ┃　　　┃
                ┃　　　┃　　+
                ┃　 　　┗━━━━━━┓ + +
                ┃ 　　　　　　　┣┓
                ┃ 　　　　　　　┏┛
                ┗━┓┓┏━━┳┓┏━━━━━┛ + + + +
                  ┃┫┫　┃┫┫
                  ┗┻┛　┗┻┛+ + + +
^^^^^^^^^^^^^^^^^^^^^^^^^^^^^^^^^^^^^^^^^^^^^
Code is far away from bug with the animal protecting
              神兽保佑    代码无bug
^^^^^^^^^^^^^^^^^^^^^^^^^^^^^^^^^^^^^^^^^^^^^

[INFO ][20190927 10:28:41,982]  [] [main] [or.airyny.spring.learn.PublicDubboProvider:66] 
	                     .::::.
                       .::::::::.
                      :::::::::::
                   ..:::::::::::'
                '::::::::::::'
                   .::::::::::
              '::::::::::::::..
                   ..::::::::::::.
                 ``::::::::::::::::
                  ::::``:::::::::'        .:::.
                 ::::'   ':::::'       .::::::::.
               .::::'      ::::     .:::::::'::::.
              .:::'       :::::  .:::::::::' ':::::.
             .::'        :::::.:::::::::'      ':::::.
            .::'         ::::::::::::::'         ``::::.
        ...:::           ::::::::::::'              ``::.
       ```` ':.          ':::::::::'                  ::::..
                          '.:::::'                    ':'````..
^^^^^^^^^^^^^^^^^^^^^^^^^^^^^^^^^^^^^^^^^^^^^^^^^^^^^^^^^^^^^^^^^
                        美女保佑       永无BUG
^^^^^^^^^^^^^^^^^^^^^^^^^^^^^^^^^^^^^^^^^^^^^^^^^^^^^^^^^^^^^^^^^

[INFO ][20190927 10:28:41,983]  [] [main] [or.airyny.spring.learn.PublicDubboProvider:20] ************ Public Service Started! ************
[INFO ][20190927 10:38:48,399]  [] [main] [or.airyny.spring.learn.PublicDubboProvider:39] 
	          ┏┓　  ┏┓+ +
              ┏┛┻━━━━┛┻━━━━━┓ + +
              ┃　　　　　　　┃
              ┃　　　━　　 　┃ ++ + + +
            ████━████ ┃+
              ┃　　　　　　　┃ +
              ┃　　　┻　    ┃
              ┃　　         ┃ + +
              ┗━┓　　　┏━━━━┛
                ┃　　　┃
                ┃　　　┃ + + + +
                ┃　　　┃
                ┃　　　┃ +
                ┃　　　┃
                ┃　　　┃　　+
                ┃　 　　┗━━━━━━┓ + +
                ┃ 　　　　　　　┣┓
                ┃ 　　　　　　　┏┛
                ┗━┓┓┏━━┳┓┏━━━━━┛ + + + +
                  ┃┫┫　┃┫┫
                  ┗┻┛　┗┻┛+ + + +
^^^^^^^^^^^^^^^^^^^^^^^^^^^^^^^^^^^^^^^^^^^^^
Code is far away from bug with the animal protecting
              神兽保佑    代码无bug
^^^^^^^^^^^^^^^^^^^^^^^^^^^^^^^^^^^^^^^^^^^^^

[INFO ][20190927 10:38:48,770]  [] [main] [or.airyny.spring.learn.PublicDubboProvider:66] 
	                     .::::.
                       .::::::::.
                      :::::::::::
                   ..:::::::::::'
                '::::::::::::'
                   .::::::::::
              '::::::::::::::..
                   ..::::::::::::.
                 ``::::::::::::::::
                  ::::``:::::::::'        .:::.
                 ::::'   ':::::'       .::::::::.
               .::::'      ::::     .:::::::'::::.
              .:::'       :::::  .:::::::::' ':::::.
             .::'        :::::.:::::::::'      ':::::.
            .::'         ::::::::::::::'         ``::::.
        ...:::           ::::::::::::'              ``::.
       ```` ':.          ':::::::::'                  ::::..
                          '.:::::'                    ':'````..
^^^^^^^^^^^^^^^^^^^^^^^^^^^^^^^^^^^^^^^^^^^^^^^^^^^^^^^^^^^^^^^^^
                        美女保佑       永无BUG
^^^^^^^^^^^^^^^^^^^^^^^^^^^^^^^^^^^^^^^^^^^^^^^^^^^^^^^^^^^^^^^^^

[INFO ][20190927 10:38:48,770]  [] [main] [or.airyny.spring.learn.PublicDubboProvider:20] ************ Public Service Started! ************
[INFO ][20190927 14:16:30,911]  [] [main] [or.airyny.spring.learn.PublicDubboProvider:39] 
	          ┏┓　  ┏┓+ +
              ┏┛┻━━━━┛┻━━━━━┓ + +
              ┃　　　　　　　┃
              ┃　　　━　　 　┃ ++ + + +
            ████━████ ┃+
              ┃　　　　　　　┃ +
              ┃　　　┻　    ┃
              ┃　　         ┃ + +
              ┗━┓　　　┏━━━━┛
                ┃　　　┃
                ┃　　　┃ + + + +
                ┃　　　┃
                ┃　　　┃ +
                ┃　　　┃
                ┃　　　┃　　+
                ┃　 　　┗━━━━━━┓ + +
                ┃ 　　　　　　　┣┓
                ┃ 　　　　　　　┏┛
                ┗━┓┓┏━━┳┓┏━━━━━┛ + + + +
                  ┃┫┫　┃┫┫
                  ┗┻┛　┗┻┛+ + + +
^^^^^^^^^^^^^^^^^^^^^^^^^^^^^^^^^^^^^^^^^^^^^
Code is far away from bug with the animal protecting
              神兽保佑    代码无bug
^^^^^^^^^^^^^^^^^^^^^^^^^^^^^^^^^^^^^^^^^^^^^

[INFO ][20190927 14:16:31,504]  [] [main] [or.airyny.spring.learn.PublicDubboProvider:66] 
	                     .::::.
                       .::::::::.
                      :::::::::::
                   ..:::::::::::'
                '::::::::::::'
                   .::::::::::
              '::::::::::::::..
                   ..::::::::::::.
                 ``::::::::::::::::
                  ::::``:::::::::'        .:::.
                 ::::'   ':::::'       .::::::::.
               .::::'      ::::     .:::::::'::::.
              .:::'       :::::  .:::::::::' ':::::.
             .::'        :::::.:::::::::'      ':::::.
            .::'         ::::::::::::::'         ``::::.
        ...:::           ::::::::::::'              ``::.
       ```` ':.          ':::::::::'                  ::::..
                          '.:::::'                    ':'````..
^^^^^^^^^^^^^^^^^^^^^^^^^^^^^^^^^^^^^^^^^^^^^^^^^^^^^^^^^^^^^^^^^
                        美女保佑       永无BUG
^^^^^^^^^^^^^^^^^^^^^^^^^^^^^^^^^^^^^^^^^^^^^^^^^^^^^^^^^^^^^^^^^

[INFO ][20190927 14:16:31,505]  [] [main] [or.airyny.spring.learn.PublicDubboProvider:20] ************ Public Service Started! ************
[INFO ][20190927 14:18:09,220]  [] [main] [or.airyny.spring.learn.PublicDubboProvider:39] 
	          ┏┓　  ┏┓+ +
              ┏┛┻━━━━┛┻━━━━━┓ + +
              ┃　　　　　　　┃
              ┃　　　━　　 　┃ ++ + + +
            ████━████ ┃+
              ┃　　　       ┃ +
              ┃　　　┻      ┃
              ┃　　         ┃ + +
              ┗━┓　　　 ┏━━━┛
                ┃　 　　┃
                ┃　 　　┃ + + + +
                ┃　　 　┃
                ┃　　 　┃ +
                ┃　　 　┃
                ┃　　　 ┃　　+
                ┃　 　　┗━━━━━━┓ + +
                ┃ 　　　　　　　┣┓
                ┃ 　　　　　　　┏┛
                ┗━┓┓┏━━┳┓┏━━━━━┛ + + + +
                  ┃┫┫　┃┫┫
                  ┗┻┛　┗┻┛+ + + +
^^^^^^^^^^^^^^^^^^^^^^^^^^^^^^^^^^^^^^^^^^^^^
Code is far away from bug with the animal protecting
              神兽保佑    代码无bug
^^^^^^^^^^^^^^^^^^^^^^^^^^^^^^^^^^^^^^^^^^^^^

[INFO ][20190927 14:18:09,642]  [] [main] [or.airyny.spring.learn.PublicDubboProvider:66] 
	                     .::::.
                       .::::::::.
                      :::::::::::
                   ..:::::::::::'
                '::::::::::::'
                   .::::::::::
              '::::::::::::::..
                   ..::::::::::::.
                 ``::::::::::::::::
                  ::::``:::::::::'        .:::.
                 ::::'   ':::::'       .::::::::.
               .::::'      ::::     .:::::::'::::.
              .:::'       :::::  .:::::::::' ':::::.
             .::'        :::::.:::::::::'      ':::::.
            .::'         ::::::::::::::'         ``::::.
        ...:::           ::::::::::::'              ``::.
       ```` ':.          ':::::::::'                  ::::..
                          '.:::::'                    ':'````..
^^^^^^^^^^^^^^^^^^^^^^^^^^^^^^^^^^^^^^^^^^^^^^^^^^^^^^^^^^^^^^^^^
                        美女保佑       永无BUG
^^^^^^^^^^^^^^^^^^^^^^^^^^^^^^^^^^^^^^^^^^^^^^^^^^^^^^^^^^^^^^^^^

[INFO ][20190927 14:18:09,642]  [] [main] [or.airyny.spring.learn.PublicDubboProvider:20] ************ Public Service Started! ************
[INFO ][20190927 14:19:15,636]  [] [main] [or.airyny.spring.learn.PublicDubboProvider:39] 
	            ┏┓　　┏┓+ +
              ┏┛┻━━━┛┻┓ + +
              ┃　　　　　　　┃
              ┃　　　━　　　┃ ++ + + +
             ████━████ ┃+
              ┃　　　　　　　┃ +
              ┃　　　┻　　　┃
              ┃　　　　　　　┃ + +
              ┗━┓　　　┏━┛
                ┃　　　┃
                ┃　　　┃ + + + +
                ┃　　　┃
                ┃　　　┃ +
                ┃　　　┃
                ┃　　　┃　　+
                ┃　 　　┗━━━┓ + +
                ┃ 　　　　　　　┣┓
                ┃ 　　　　　　　┏┛
                ┗┓┓┏━┳┓┏┛ + + + +
                  ┃┫┫　┃┫┫
                  ┗┻┛　┗┻┛+ + + +
^^^^^^^^^^^^^^^^^^^^^^^^^^^^^^^^^^^^^^^^^^^^^
Code is far away from bug with the animal protecting
              神兽保佑    代码无bug
^^^^^^^^^^^^^^^^^^^^^^^^^^^^^^^^^^^^^^^^^^^^^

[INFO ][20190927 14:19:16,069]  [] [main] [or.airyny.spring.learn.PublicDubboProvider:66] 
	                     .::::.
                       .::::::::.
                      :::::::::::
                   ..:::::::::::'
                '::::::::::::'
                   .::::::::::
              '::::::::::::::..
                   ..::::::::::::.
                 ``::::::::::::::::
                  ::::``:::::::::'        .:::.
                 ::::'   ':::::'       .::::::::.
               .::::'      ::::     .:::::::'::::.
              .:::'       :::::  .:::::::::' ':::::.
             .::'        :::::.:::::::::'      ':::::.
            .::'         ::::::::::::::'         ``::::.
        ...:::           ::::::::::::'              ``::.
       ```` ':.          ':::::::::'                  ::::..
                          '.:::::'                    ':'````..
^^^^^^^^^^^^^^^^^^^^^^^^^^^^^^^^^^^^^^^^^^^^^^^^^^^^^^^^^^^^^^^^^
                        美女保佑       永无BUG
^^^^^^^^^^^^^^^^^^^^^^^^^^^^^^^^^^^^^^^^^^^^^^^^^^^^^^^^^^^^^^^^^

[INFO ][20190927 14:19:16,069]  [] [main] [or.airyny.spring.learn.PublicDubboProvider:20] ************ Public Service Started! ************
[INFO ][20190927 14:20:22,195]  [] [main] [or.airyny.spring.learn.PublicDubboProvider:39] 
	           ┏┓　  ┏┓+ +
              ┏┛┻━━━━┛┻━━━━━┓ + +
              ┃　　　　　　　┃
              ┃　　　━　　 　┃ ++ + + +
            ████━████ ┃+
              ┃　　　       ┃ +
              ┃　　　┻      ┃
              ┃　　         ┃ + +
              ┗━┓　　　 ┏━━━┛
                ┃　 　　┃
                ┃　 　　┃ + + + +
                ┃　　 　┃
                ┃　　 　┃ +
                ┃　　 　┃
                ┃　　　 ┃　　+
                ┃　 　　┗━━━━━━┓ + +
                ┃ 　　　　　　　┣┓
                ┃ 　　　　　　　┏┛
                ┗━┓┓┏━━┳┓┏━━━━━┛ + + + +
                  ┃┫┫　┃┫┫
                  ┗┻┛　┗┻┛+ + + +
^^^^^^^^^^^^^^^^^^^^^^^^^^^^^^^^^^^^^^^^^^^^^
Code is far away from bug with the animal protecting
              神兽保佑    代码无bug
^^^^^^^^^^^^^^^^^^^^^^^^^^^^^^^^^^^^^^^^^^^^^

[INFO ][20190927 14:20:22,769]  [] [main] [or.airyny.spring.learn.PublicDubboProvider:67] 
	                     .::::.
                       .::::::::.
                      :::::::::::
                   ..:::::::::::'
                '::::::::::::'
                   .::::::::::
              '::::::::::::::..
                   ..::::::::::::.
                 ``::::::::::::::::
                  ::::``:::::::::'        .:::.
                 ::::'   ':::::'       .::::::::.
               .::::'      ::::     .:::::::'::::.
              .:::'       :::::  .:::::::::' ':::::.
             .::'        :::::.:::::::::'      ':::::.
            .::'         ::::::::::::::'         ``::::.
        ...:::           ::::::::::::'              ``::.
       ```` ':.          ':::::::::'                  ::::..
                          '.:::::'                    ':'````..
^^^^^^^^^^^^^^^^^^^^^^^^^^^^^^^^^^^^^^^^^^^^^^^^^^^^^^^^^^^^^^^^^
                        美女保佑       永无BUG
^^^^^^^^^^^^^^^^^^^^^^^^^^^^^^^^^^^^^^^^^^^^^^^^^^^^^^^^^^^^^^^^^

[INFO ][20190927 14:20:22,769]  [] [main] [or.airyny.spring.learn.PublicDubboProvider:20] ************ Public Service Started! ************
